Wed Jul 26 2023, 10:28:13 [WS] => info ðŸ›¢ï¸ Database is connected successfully
Wed Jul 26 2023, 10:28:13 [WS] => info Example app listening on port 5000
Wed Jul 26 2023, 10:48:7 [FERI] => info ðŸ›¢ï¸ Database is connected successfully
Wed Jul 26 2023, 10:48:7 [FERI] => info Example app listening on port 5000
Wed Jul 26 2023, 10:48:12 [FERI] => info ðŸ›¢ï¸ Database is connected successfully
Wed Jul 26 2023, 10:48:12 [FERI] => info Example app listening on port 5000
Wed Jul 26 2023, 10:48:39 [FERI] info ðŸ›¢ï¸ Database is connected successfully
Wed Jul 26 2023, 10:48:39 [FERI] info Example app listening on port 5000
Wed Jul 26 2023, 10:48:42 [FERI] info => ðŸ›¢ï¸ Database is connected successfully
Wed Jul 26 2023, 10:48:42 [FERI] info => Example app listening on port 5000
Wed Jul 26 2023, 10:57:17 [FERI] info => ðŸ›¢ï¸ Database is connected successfully
Wed Jul 26 2023, 10:57:17 [FERI] info => Example app listening on port 5000
Wed Jul 26 2023, 10:57:23 [FERI] info => ðŸ›¢ï¸ Database is connected successfully
Wed Jul 26 2023, 10:57:23 [FERI] info => Example app listening on port 5000
Wed Jul 26 2023, 10:58:22 [FERI] info => ðŸ›¢ï¸ Database is connected successfully
Wed Jul 26 2023, 10:58:22 [FERI] info => Example app listening on port 5000
Wed Jul 26 2023, 10:58:29 [FERI] info => ðŸ›¢ï¸ Database is connected successfully
Wed Jul 26 2023, 10:58:29 [FERI] info => Example app listening on port 5000
Wed Jul 26 2023, 10:58:46 [FERI] info => ðŸ›¢ï¸ Database is connected successfully
Wed Jul 26 2023, 10:58:46 [FERI] info => Example app listening on port 5000
Wed Jul 26 2023, 10:59:42 [FERI] info => ðŸ›¢ï¸ Database is connected successfully
Wed Jul 26 2023, 10:59:42 [FERI] info => Example app listening on port 5000
Wed Jul 26 2023, 10:59:49 [FERI] info => ðŸ›¢ï¸ Database is connected successfully
Wed Jul 26 2023, 10:59:49 [FERI] info => Example app listening on port 5000
Wed Jul 26 2023, 10:59:54 [FERI] info => ðŸ›¢ï¸ Database is connected successfully
Wed Jul 26 2023, 10:59:54 [FERI] info => Example app listening on port 5000
Wed Jul 26 2023, 10:59:58 [FERI] info => ðŸ›¢ï¸ Database is connected successfully
Wed Jul 26 2023, 10:59:58 [FERI] info => Example app listening on port 5000
